TN:
SF:components/Game.tsx
FN:11,Game
FN:15,(anonymous_1)
FN:26,(anonymous_2)
FN:32,(anonymous_3)
FN:37,(anonymous_4)
FNF:5
FNH:4
FNDA:6,Game
FNDA:4,(anonymous_1)
FNDA:1,(anonymous_2)
FNDA:0,(anonymous_3)
FNDA:4,(anonymous_4)
DA:12,6
DA:13,6
DA:15,6
DA:16,4
DA:17,1
DA:18,1
DA:19,1
DA:20,1
DA:21,0
DA:23,1
DA:26,6
DA:27,1
DA:28,0
DA:29,0
DA:32,6
DA:33,0
DA:34,0
DA:37,6
DA:39,4
DA:42,6
LF:20
LH:15
BRDA:20,0,0,0
BRDA:20,0,1,1
BRDA:48,1,0,6
BRDA:48,1,1,2
BRDA:53,2,0,6
BRDA:53,2,1,0
BRF:6
BRH:4
end_of_record
TN:
SF:components/Header.tsx
FN:6,Header
FN:9,(anonymous_1)
FNF:2
FNH:2
FNDA:10,Header
FNDA:3,(anonymous_1)
DA:7,10
DA:9,10
DA:10,3
DA:11,3
DA:12,2
DA:13,2
DA:15,1
DA:16,1
DA:20,10
LF:9
LH:9
BRDA:11,0,0,2
BRDA:11,0,1,1
BRDA:41,1,0,6
BRDA:41,1,1,4
BRF:4
BRH:4
end_of_record
TN:
SF:components/layouts.tsx
FN:8,Layout
FNF:1
FNH:1
FNDA:4,Layout
DA:3,6
DA:13,4
LF:2
LH:2
BRF:0
BRH:0
end_of_record
TN:
SF:pages/_app.tsx
FN:5,App
FNF:1
FNH:1
FNDA:4,App
DA:6,4
LF:1
LH:1
BRF:0
BRH:0
end_of_record
TN:
SF:pages/index.tsx
FN:7,Index
FNF:1
FNH:1
FNDA:4,Index
DA:8,4
LF:1
LH:1
BRF:0
BRH:0
end_of_record
